  RayTracer.cpp
C:\Users\slaba\Desktop\uvic degree\comp sci\CSC 305\Assignment 3\RayTracer\RayTracer\RayTracer.cpp(211,34): warning C4244: '=': conversion from 'float' to 'T', possible loss of data
          with
          [
              T=unsigned int
          ]
C:\Users\slaba\Desktop\uvic degree\comp sci\CSC 305\Assignment 3\RayTracer\RayTracer\RayTracer.cpp(217,40): warning C4244: '=': conversion from 'float' to 'T', possible loss of data
          with
          [
              T=unsigned int
          ]
C:\Users\slaba\Desktop\uvic degree\comp sci\CSC 305\Assignment 3\RayTracer\RayTracer\RayTracer.cpp(223,36): warning C4244: '=': conversion from 'float' to 'T', possible loss of data
          with
          [
              T=unsigned int
          ]
C:\Users\slaba\Desktop\uvic degree\comp sci\CSC 305\Assignment 3\RayTracer\RayTracer\RayTracer.cpp(298,52): warning C4244: '=': conversion from 'float' to 'int', possible loss of data
C:\Users\slaba\Desktop\uvic degree\comp sci\CSC 305\Assignment 3\RayTracer\RayTracer\RayTracer.cpp(465,30): warning C4244: 'initializing': conversion from 'float' to 'int', possible loss of data
C:\Users\slaba\Desktop\uvic degree\comp sci\CSC 305\Assignment 3\RayTracer\RayTracer\RayTracer.cpp(466,31): warning C4244: 'initializing': conversion from 'float' to 'int', possible loss of data
C:\Users\slaba\Desktop\uvic degree\comp sci\CSC 305\Assignment 3\RayTracer\RayTracer\RayTracer.cpp(467,22): warning C4244: 'initializing': conversion from 'int' to 'float', possible loss of data
C:\Users\slaba\Desktop\uvic degree\comp sci\CSC 305\Assignment 3\RayTracer\RayTracer\RayTracer.cpp(468,22): warning C4244: 'initializing': conversion from 'int' to 'float', possible loss of data
  RayTracer.vcxproj -> C:\Users\slaba\Desktop\uvic degree\comp sci\CSC 305\Assignment 3\RayTracer\x64\Debug\RayTracer.exe
